2020-04-08 10:10:24.309 INFO [main] [com.baseclass.Library] [launchApp] [com.baseclass.Library.launchApp(Library.java:40)] - chrome browser launched sucessfully
2020-04-08 10:10:33.709 INFO [main] [com.baseclass.Library] [launchApp] [com.baseclass.Library.launchApp(Library.java:47)] - Window maximized sucessfully
2020-04-08 10:10:33.711 INFO [main] [com.Stepdefinition.CrosswordLoginstep] [i_launch_Chrome_browser] [com.Stepdefinition.CrosswordLoginstep.i_launch_Chrome_browser(CrosswordLoginstep.java:29)] - Browser opened sucessfully
2020-04-08 10:10:35.040 INFO [main] [com.Stepdefinition.CrosswordLoginstep] [login_Crossword_login_page_opened] [com.Stepdefinition.CrosswordLoginstep.login_Crossword_login_page_opened(CrosswordLoginstep.java:37)] - crossword login sucessfully
2020-04-08 10:10:35.562 INFO [main] [com.Stepdefinition.CrosswordLoginstep] [i_enter_username_and_password] [com.Stepdefinition.CrosswordLoginstep.i_enter_username_and_password(CrosswordLoginstep.java:47)] - username and password entered sucessfully
2020-04-08 10:10:35.752 INFO [main] [com.Stepdefinition.CrosswordLoginstep] [clicks_the_login_button] [com.Stepdefinition.CrosswordLoginstep.clicks_the_login_button(CrosswordLoginstep.java:55)] - login sucessfully
2020-04-08 10:10:36.476 INFO [main] [com.Stepdefinition.CrosswordLoginstep] [takes_a_screenshot] [com.Stepdefinition.CrosswordLoginstep.takes_a_screenshot(CrosswordLoginstep.java:63)] - screenshot taken sucessfully
2020-04-08 10:10:39.245 INFO [main] [com.baseclass.Library] [launchApp] [com.baseclass.Library.launchApp(Library.java:40)] - chrome browser launched sucessfully
2020-04-08 10:10:46.368 INFO [main] [com.baseclass.Library] [launchApp] [com.baseclass.Library.launchApp(Library.java:47)] - Window maximized sucessfully
2020-04-08 10:10:46.368 INFO [main] [com.Stepdefinition.CrosswordLoginstep] [i_launch_Chrome_browser] [com.Stepdefinition.CrosswordLoginstep.i_launch_Chrome_browser(CrosswordLoginstep.java:29)] - Browser opened sucessfully
2020-04-08 10:10:48.332 INFO [main] [com.Stepdefinition.CrosswordLoginstep] [login_Crossword_login_page_opened] [com.Stepdefinition.CrosswordLoginstep.login_Crossword_login_page_opened(CrosswordLoginstep.java:37)] - crossword login sucessfully
2020-04-08 10:10:48.913 INFO [main] [com.Stepdefinition.CrosswordLoginstep] [i_enter_username_and_password] [com.Stepdefinition.CrosswordLoginstep.i_enter_username_and_password(CrosswordLoginstep.java:47)] - username and password entered sucessfully
2020-04-08 10:10:49.065 INFO [main] [com.Stepdefinition.CrosswordLoginstep] [clicks_the_login_button] [com.Stepdefinition.CrosswordLoginstep.clicks_the_login_button(CrosswordLoginstep.java:55)] - login sucessfully
2020-04-08 10:10:50.466 INFO [main] [com.Stepdefinition.CrosswordLoginstep] [takes_a_screenshot] [com.Stepdefinition.CrosswordLoginstep.takes_a_screenshot(CrosswordLoginstep.java:63)] - screenshot taken sucessfully
2020-04-08 10:10:52.689 INFO [main] [com.baseclass.Library] [launchApp] [com.baseclass.Library.launchApp(Library.java:40)] - chrome browser launched sucessfully
2020-04-08 10:11:00.880 INFO [main] [com.baseclass.Library] [launchApp] [com.baseclass.Library.launchApp(Library.java:47)] - Window maximized sucessfully
2020-04-08 10:11:00.881 INFO [main] [com.Stepdefinition.CrosswordStepToys] [i_launch_Chrme_bro] [com.Stepdefinition.CrosswordStepToys.i_launch_Chrme_bro(CrosswordStepToys.java:25)] - Crossword home page opened
2020-04-08 10:11:02.959 INFO [main] [com.Stepdefinition.CrosswordStepToys] [clicks_on_Toys] [com.Stepdefinition.CrosswordStepToys.clicks_on_Toys(CrosswordStepToys.java:33)] - Toys page opened
2020-04-08 10:11:03.884 INFO [main] [com.Stepdefinition.CrosswordStepToys] [clicks_on_Toysgames] [com.Stepdefinition.CrosswordStepToys.clicks_on_Toysgames(CrosswordStepToys.java:41)] - Toysandgames page opened
2020-04-08 10:11:04.292 INFO [main] [com.Stepdefinition.CrosswordStepToys] [takes_a_screenshot_for_toys] [com.Stepdefinition.CrosswordStepToys.takes_a_screenshot_for_toys(CrosswordStepToys.java:49)] - Screenshot taken sucessfully
2020-04-08 10:11:07.344 INFO [main] [com.baseclass.Library] [launchApp] [com.baseclass.Library.launchApp(Library.java:40)] - chrome browser launched sucessfully
2020-04-08 10:11:16.755 INFO [main] [com.baseclass.Library] [launchApp] [com.baseclass.Library.launchApp(Library.java:47)] - Window maximized sucessfully
2020-04-08 10:11:16.756 INFO [main] [com.Stepdefinition.CrosswordStepGifts] [i_lanuch_crome] [com.Stepdefinition.CrosswordStepGifts.i_lanuch_crome(CrosswordStepGifts.java:26)] - Browser opened sucessfully
2020-04-08 10:11:18.514 INFO [main] [com.Stepdefinition.CrosswordStepGifts] [clicks_Gifts] [com.Stepdefinition.CrosswordStepGifts.clicks_Gifts(CrosswordStepGifts.java:35)] - Gift page opened sucessfully
2020-04-08 10:11:20.158 INFO [main] [com.Stepdefinition.CrosswordStepGifts] [clicks_on_Books] [com.Stepdefinition.CrosswordStepGifts.clicks_on_Books(CrosswordStepGifts.java:44)] - Books page opened sucessfully
2020-04-08 10:11:20.798 INFO [main] [com.Stepdefinition.CrosswordStepGifts] [takes_a_picture] [com.Stepdefinition.CrosswordStepGifts.takes_a_picture(CrosswordStepGifts.java:53)] - screenshot taken sucessfully
2020-04-08 10:11:23.739 INFO [main] [com.baseclass.Library] [launchApp] [com.baseclass.Library.launchApp(Library.java:40)] - chrome browser launched sucessfully
2020-04-08 10:11:34.168 INFO [main] [com.baseclass.Library] [launchApp] [com.baseclass.Library.launchApp(Library.java:47)] - Window maximized sucessfully
2020-04-08 10:11:34.169 INFO [main] [com.Stepdefinition.Crosswordstepsearch] [i_lanuch] [com.Stepdefinition.Crosswordstepsearch.i_lanuch(Crosswordstepsearch.java:25)] - Crossword page opened
2020-04-08 10:11:34.599 INFO [main] [com.Stepdefinition.Crosswordstepsearch] [enter_the_product_name_in_searchbar] [com.Stepdefinition.Crosswordstepsearch.enter_the_product_name_in_searchbar(Crosswordstepsearch.java:33)] - Product name entered in searchbar
2020-04-08 10:11:35.299 INFO [main] [com.Stepdefinition.Crosswordstepsearch] [shoot_picture] [com.Stepdefinition.Crosswordstepsearch.shoot_picture(Crosswordstepsearch.java:42)] - Screenshot taken
2020-04-08 10:11:36.106 INFO [main] [com.Stepdefinition.Crosswordstepsearch] [close_the_browser] [com.Stepdefinition.Crosswordstepsearch.close_the_browser(Crosswordstepsearch.java:49)] - Crossword page closed
2020-04-08 10:11:38.588 INFO [main] [com.baseclass.Library] [launchApp] [com.baseclass.Library.launchApp(Library.java:40)] - chrome browser launched sucessfully
2020-04-08 10:11:49.942 INFO [main] [com.baseclass.Library] [launchApp] [com.baseclass.Library.launchApp(Library.java:47)] - Window maximized sucessfully
2020-04-08 10:11:49.943 INFO [main] [com.Stepdefinition.CrosswordDefinition_Login] [the_Crossword_page_is_opened] [com.Stepdefinition.CrosswordDefinition_Login.the_Crossword_page_is_opened(CrosswordDefinition_Login.java:30)] - Browser opened sucessfully
2020-04-08 10:11:52.334 INFO [main] [com.Stepdefinition.CrosswordDefinition_Login] [login_page_is_opened] [com.Stepdefinition.CrosswordDefinition_Login.login_page_is_opened(CrosswordDefinition_Login.java:38)] - Login opened sucessfully
2020-04-08 10:11:56.322 INFO [main] [com.Stepdefinition.CrosswordDefinition_Login] [the_email_and_password_details_are_given] [com.Stepdefinition.CrosswordDefinition_Login.the_email_and_password_details_are_given(CrosswordDefinition_Login.java:47)] - username and password opened sucessfully
2020-04-08 10:11:56.841 INFO [main] [com.Stepdefinition.CrosswordDefinition_Login] [close_browser_and_quit] [com.Stepdefinition.CrosswordDefinition_Login.close_browser_and_quit(CrosswordDefinition_Login.java:55)] - screenshot taken sucessfully
2020-04-08 10:11:57.680 INFO [main] [com.Stepdefinition.CrosswordDefinition_Login] [close_browser_and_quit] [com.Stepdefinition.CrosswordDefinition_Login.close_browser_and_quit(CrosswordDefinition_Login.java:57)] - Browser closed sucessfully
